{
  "stats": {
    "suites": 3,
    "tests": 3,
    "passes": 3,
    "pending": 0,
    "failures": 0,
    "start": "2019-12-25T09:00:01.796Z",
    "end": "2019-12-25T09:00:01.801Z",
    "duration": 5,
    "testsRegistered": 3,
    "passPercent": 100,
    "pendingPercent": 0,
    "other": 0,
    "hasOther": false,
    "skipped": 0,
    "hasSkipped": false
  },
  "results": [
    {
      "uuid": "9024efa6-5be1-485c-b0bc-08accd590411",
      "title": "",
      "fullFile": "",
      "file": "",
      "beforeHooks": [],
      "afterHooks": [],
      "tests": [],
      "suites": [
        {
          "uuid": "b60b1af8-61b6-4281-ba4e-831695d22807",
          "title": "#test()",
          "fullFile": "/home/admincomp/work/test/test/sum.js",
          "file": "/test/sum.js",
          "beforeHooks": [],
          "afterHooks": [],
          "tests": [],
          "suites": [
            {
              "uuid": "ba35c263-d88c-40d4-857c-7f0ef38571ef",
              "title": "without arguments",
              "fullFile": "/home/admincomp/work/test/test/sum.js",
              "file": "/test/sum.js",
              "beforeHooks": [],
              "afterHooks": [],
              "tests": [
                {
                  "title": "should return 0",
                  "fullTitle": "#test() without arguments should return 0",
                  "timedOut": false,
                  "duration": 1,
                  "state": "passed",
                  "speed": "fast",
                  "pass": true,
                  "fail": false,
                  "pending": false,
                  "context": null,
                  "code": "expect(0).to.equal(0)",
                  "err": {},
                  "uuid": "d7b30e68-f514-47e4-ae7a-07dd6e307dac",
                  "parentUUID": "ba35c263-d88c-40d4-857c-7f0ef38571ef",
                  "isHook": false,
                  "skipped": false
                }
              ],
              "suites": [],
              "passes": [
                "d7b30e68-f514-47e4-ae7a-07dd6e307dac"
              ],
              "failures": [],
              "pending": [],
              "skipped": [],
              "duration": 1,
              "root": false,
              "rootEmpty": false,
              "_timeout": 2000
            },
            {
              "uuid": "7d95c54b-16f4-4a90-b334-f6013aca9fe6",
              "title": "with number arguments",
              "fullFile": "/home/admincomp/work/test/test/sum.js",
              "file": "/test/sum.js",
              "beforeHooks": [],
              "afterHooks": [],
              "tests": [
                {
                  "title": "should return sum of arguments",
                  "fullTitle": "#test() with number arguments should return sum of arguments",
                  "timedOut": false,
                  "duration": 1,
                  "state": "passed",
                  "speed": "fast",
                  "pass": true,
                  "fail": false,
                  "pending": false,
                  "context": null,
                  "code": "expect(15).to.equal(15)",
                  "err": {},
                  "uuid": "009e02b5-c704-4eab-998a-62bb943b5084",
                  "parentUUID": "7d95c54b-16f4-4a90-b334-f6013aca9fe6",
                  "isHook": false,
                  "skipped": false
                },
                {
                  "title": "should return argument when only one argument is passed",
                  "fullTitle": "#test() with number arguments should return argument when only one argument is passed",
                  "timedOut": false,
                  "duration": 0,
                  "state": "passed",
                  "speed": "fast",
                  "pass": true,
                  "fail": false,
                  "pending": false,
                  "context": null,
                  "code": "expect(5).to.equal(5)",
                  "err": {},
                  "uuid": "68d0a915-9130-4a14-9825-1428f52eaeef",
                  "parentUUID": "7d95c54b-16f4-4a90-b334-f6013aca9fe6",
                  "isHook": false,
                  "skipped": false
                }
              ],
              "suites": [],
              "passes": [
                "009e02b5-c704-4eab-998a-62bb943b5084",
                "68d0a915-9130-4a14-9825-1428f52eaeef"
              ],
              "failures": [],
              "pending": [],
              "skipped": [],
              "duration": 1,
              "root": false,
              "rootEmpty": false,
              "_timeout": 2000
            }
          ],
          "passes": [],
          "failures": [],
          "pending": [],
          "skipped": [],
          "duration": 0,
          "root": false,
          "rootEmpty": false,
          "_timeout": 2000
        }
      ],
      "passes": [],
      "failures": [],
      "pending": [],
      "skipped": [],
      "duration": 0,
      "root": true,
      "rootEmpty": true,
      "_timeout": 2000
    }
  ],
  "meta": {
    "mocha": {
      "version": "6.2.2"
    },
    "mochawesome": {
      "options": {
        "quiet": false,
        "reportFilename": "mochawesome",
        "saveHtml": true,
        "saveJson": true,
        "consoleReporter": "spec",
        "useInlineDiffs": false
      },
      "version": "4.1.0"
    },
    "marge": {
      "options": null,
      "version": "4.1.0"
    }
  }
}